{"label":"Spare Spart api logs","level":"info","message":"Successful"}
{"content_length":"251","label":"Spare Spart api logs","level":"http","message":"incoming-api-request","method":"POST","response_time":4603.729,"status":200,"url":"/sporderservices/api/v1/cart/add-bid"}
{"label":"Spare Spart api logs","level":"info","message":"Successful"}
{"content_length":"5506","label":"Spare Spart api logs","level":"http","message":"incoming-api-request","method":"GET","response_time":6206.449,"status":200,"url":"/sporderservices/api/v1/cart/user-carts"}
{"label":"Spare Spart api logs","level":"info","message":"Successful"}
{"content_length":"5506","label":"Spare Spart api logs","level":"http","message":"incoming-api-request","method":"GET","response_time":7420.237,"status":200,"url":"/sporderservices/api/v1/cart/user-carts"}
{"label":"Spare Spart api logs","level":"info","message":"Successful"}
{"content_length":"5506","label":"Spare Spart api logs","level":"http","message":"incoming-api-request","method":"GET","response_time":6854.792,"status":200,"url":"/sporderservices/api/v1/cart/user-carts"}
{"label":"Spare Spart api logs","level":"info","message":"Successful"}
{"content_length":"21193","label":"Spare Spart api logs","level":"http","message":"incoming-api-request","method":"GET","response_time":4605.862,"status":200,"url":"/sporderservices/api/v1/request/user-request-history"}
{"label":"Spare Spart api logs","level":"error","message":"Invalid request ID"}
{"content_length":"43","label":"Spare Spart api logs","level":"http","message":"incoming-api-request","method":"POST","response_time":2551.046,"status":200,"url":"/sporderservices/api/v1/bidding/accept"}
{"label":"Spare Spart api logs","level":"info","message":"Successful"}
{"content_length":"490","label":"Spare Spart api logs","level":"http","message":"incoming-api-request","method":"POST","response_time":7188.685,"status":200,"url":"/sporderservices/api/v1/bidding/accept"}
{"label":"Spare Spart api logs","level":"info","message":"Successful"}
{"content_length":"13014","label":"Spare Spart api logs","level":"http","message":"incoming-api-request","method":"GET","response_time":4778.574,"status":200,"url":"/sporderservices/api/v1/request/user-active-requests"}
{"label":"Spare Spart api logs","level":"info","message":"Successful"}
{"content_length":"492","label":"Spare Spart api logs","level":"http","message":"incoming-api-request","method":"POST","response_time":7050.74,"status":200,"url":"/sporderservices/api/v1/bidding/accept"}
{"label":"Spare Spart api logs","level":"info","message":"Successful"}
{"content_length":"14605","label":"Spare Spart api logs","level":"http","message":"incoming-api-request","method":"GET","response_time":4718.749,"status":200,"url":"/sporderservices/api/v1/request/user-active-requests"}
{"label":"Spare Spart api logs","level":"info","message":"Successful"}
{"content_length":"251","label":"Spare Spart api logs","level":"http","message":"incoming-api-request","method":"POST","response_time":4200.709,"status":200,"url":"/sporderservices/api/v1/cart/add-bid"}
{"label":"Spare Spart api logs","level":"info","message":"Successful"}
{"content_length":"9067","label":"Spare Spart api logs","level":"http","message":"incoming-api-request","method":"GET","response_time":5432.695,"status":200,"url":"/sporderservices/api/v1/cart/user-carts"}
{"label":"Spare Spart api logs","level":"info","message":"Successful"}
{"content_length":"9067","label":"Spare Spart api logs","level":"http","message":"incoming-api-request","method":"GET","response_time":5402.454,"status":200,"url":"/sporderservices/api/v1/cart/user-carts"}
{"label":"Spare Spart api logs","level":"info","message":"Successful"}
{"content_length":"9067","label":"Spare Spart api logs","level":"http","message":"incoming-api-request","method":"GET","response_time":5536.02,"status":200,"url":"/sporderservices/api/v1/cart/user-carts"}
{"label":"Spare Spart api logs","level":"info","message":"Successful"}
{"content_length":"252","label":"Spare Spart api logs","level":"http","message":"incoming-api-request","method":"POST","response_time":4498.222,"status":200,"url":"/sporderservices/api/v1/cart/remove-bid"}
{"label":"Spare Spart api logs","level":"info","message":"Successful"}
{"content_length":"5506","label":"Spare Spart api logs","level":"http","message":"incoming-api-request","method":"GET","response_time":5575.988,"status":200,"url":"/sporderservices/api/v1/cart/user-carts"}
