{"label":"Spare Spart api logs","level":"debug","message":"Spare Order Database Service: Running in development mode and listening on port http://:9011"}
{"label":"Spare Spart api logs","level":"debug","message":"Spare Order Database Service: Running in development mode and listening on port http://:9011"}
{"label":"Spare Spart api logs","level":"debug","message":"Spare Order Database Service: Running in development mode and listening on port http://:9011"}
{"label":"Spare Spart api logs","level":"debug","message":"Spare Order Database Service: Running in development mode and listening on port http://:9011"}
{"label":"Spare Spart api logs","level":"debug","message":"Spare Order Database Service: Running in development mode and listening on port http://:9011"}
{"label":"Spare Spart api logs","level":"debug","message":"Spare Order Database Service: Running in development mode and listening on port http://:9011"}
{"label":"Spare Spart api logs","level":"debug","message":"Spare Order Database Service: Running in development mode and listening on port http://:9011"}
{"label":"Spare Spart api logs","level":"debug","message":"Spare Order Database Service: Running in development mode and listening on port http://:9011"}
{"label":"Spare Spart api logs","level":"debug","message":"Spare Order Database Service: Running in development mode and listening on port http://:9011"}
{"label":"Spare Spart api logs","level":"debug","message":"Spare Order Database Service: Running in development mode and listening on port http://:9011"}
{"label":"Spare Spart api logs","level":"debug","message":"Spare Order Database Service: Running in development mode and listening on port http://:9011"}
{"label":"Spare Spart api logs","level":"debug","message":"Spare Order Database Service: Running in development mode and listening on port http://:9011"}
{"label":"Spare Spart api logs","level":"debug","message":"Spare Order Database Service: Running in development mode and listening on port http://:9011"}
{"label":"Spare Spart api logs","level":"debug","message":"Spare Order Database Service: Running in development mode and listening on port http://:9011"}
{"label":"Spare Spart api logs","level":"debug","message":"Spare Order Database Service: Running in development mode and listening on port http://:9011"}
{"label":"Spare Spart api logs","level":"debug","message":"Spare Order Database Service: Running in development mode and listening on port http://:9011"}
{"label":"Spare Spart api logs","level":"debug","message":"Spare Order Database Service: Running in development mode and listening on port http://:9011"}
{"label":"Spare Spart api logs","level":"debug","message":"Spare Order Database Service: Running in development mode and listening on port http://:9011"}
{"label":"Spare Spart api logs","level":"debug","message":"Spare Order Database Service: Running in development mode and listening on port http://:9011"}
{"label":"Spare Spart api logs","level":"debug","message":"Spare Order Database Service: Running in development mode and listening on port http://:9011"}
{"label":"Spare Spart api logs","level":"debug","message":"Spare Order Database Service: Running in development mode and listening on port http://:9011"}
{"label":"Spare Spart api logs","level":"debug","message":"Spare Order Database Service: Running in development mode and listening on port http://:9011"}
{"label":"Spare Spart api logs","level":"debug","message":"Spare Order Database Service: Running in development mode and listening on port http://:9011"}
{"label":"Spare Spart api logs","level":"debug","message":"Spare Order Database Service: Running in development mode and listening on port http://:9011"}
{"label":"Spare Spart api logs","level":"debug","message":"Spare Order Database Service: Running in development mode and listening on port http://:9011"}
{"label":"Spare Spart api logs","level":"debug","message":"Spare Order Database Service: Running in development mode and listening on port http://:9011"}
{"label":"Spare Spart api logs","level":"debug","message":"Spare Order Database Service: Running in development mode and listening on port http://:9011"}
{"label":"Spare Spart api logs","level":"debug","message":"Spare Order Database Service: Running in development mode and listening on port http://:9011"}
{"label":"Spare Spart api logs","level":"debug","message":"Spare Order Database Service: Running in development mode and listening on port http://:9011"}
{"label":"Spare Spart api logs","level":"debug","message":"Spare Order Database Service: Running in development mode and listening on port http://:9011"}
{"label":"Spare Spart api logs","level":"debug","message":"Spare Order Database Service: Running in development mode and listening on port http://:9011"}
{"label":"Spare Spart api logs","level":"debug","message":"Spare Order Database Service: Running in development mode and listening on port http://:9011"}
{"label":"Spare Spart api logs","level":"debug","message":"Spare Order Database Service: Running in development mode and listening on port http://:9011"}
{"label":"Spare Spart api logs","level":"debug","message":"Spare Order Database Service: Running in development mode and listening on port http://:9011"}
{"label":"Spare Spart api logs","level":"debug","message":"Spare Order Database Service: Running in development mode and listening on port http://:9011"}
{"label":"Spare Spart api logs","level":"debug","message":"Spare Order Database Service: Running in development mode and listening on port http://:9011"}
{"label":"Spare Spart api logs","level":"debug","message":"Spare Order Database Service: Running in development mode and listening on port http://:9011"}
{"label":"Spare Spart api logs","level":"debug","message":"Spare Order Database Service: Running in development mode and listening on port http://:9011"}
{"label":"Spare Spart api logs","level":"debug","message":"Spare Order Database Service: Running in development mode and listening on port http://:9011"}
{"label":"Spare Spart api logs","level":"debug","message":"Spare Order Database Service: Running in development mode and listening on port http://:9011"}
{"label":"Spare Spart api logs","level":"debug","message":"Spare Order Database Service: Running in development mode and listening on port http://:9011"}
{"label":"Spare Spart api logs","level":"debug","message":"Spare Order Database Service: Running in development mode and listening on port http://:9011"}
{"label":"Spare Spart api logs","level":"debug","message":"Spare Order Database Service: Running in development mode and listening on port http://:9011"}
{"label":"Spare Spart api logs","level":"debug","message":"Spare Order Database Service: Running in development mode and listening on port http://:9011"}
{"label":"Spare Spart api logs","level":"debug","message":"Spare Order Database Service: Running in development mode and listening on port http://:9011"}
{"label":"Spare Spart api logs","level":"debug","message":"Spare Order Database Service: Running in development mode and listening on port http://:9011"}
{"label":"Spare Spart api logs","level":"debug","message":"Spare Order Database Service: Running in development mode and listening on port http://:9011"}
{"label":"Spare Spart api logs","level":"debug","message":"Spare Order Database Service: Running in development mode and listening on port http://:9011"}
{"label":"Spare Spart api logs","level":"debug","message":"Spare Order Database Service: Running in development mode and listening on port http://:9011"}
{"label":"Spare Spart api logs","level":"debug","message":"Spare Order Database Service: Running in development mode and listening on port http://:9011"}
{"label":"Spare Spart api logs","level":"debug","message":"Spare Order Database Service: Running in development mode and listening on port http://:9011"}
{"label":"Spare Spart api logs","level":"debug","message":"Spare Order Database Service: Running in development mode and listening on port http://:9011"}
{"label":"Spare Spart api logs","level":"debug","message":"Spare Order Database Service: Running in development mode and listening on port http://:9011"}
{"label":"Spare Spart api logs","level":"debug","message":"Spare Order Database Service: Running in development mode and listening on port http://:9011"}
{"label":"Spare Spart api logs","level":"debug","message":"Spare Order Database Service: Running in development mode and listening on port http://:9011"}
{"label":"Spare Spart api logs","level":"debug","message":"Spare Order Database Service: Running in development mode and listening on port http://:9011"}
{"label":"Spare Spart api logs","level":"debug","message":"Spare Order Database Service: Running in development mode and listening on port http://:9011"}
{"label":"Spare Spart api logs","level":"debug","message":"Spare Order Database Service: Running in development mode and listening on port http://:9011"}
{"label":"Spare Spart api logs","level":"debug","message":"Spare Order Database Service: Running in development mode and listening on port http://:9011"}
{"label":"Spare Spart api logs","level":"debug","message":"Spare Order Database Service: Running in development mode and listening on port http://:9011"}
{"label":"Spare Spart api logs","level":"debug","message":"Spare Order Database Service: Running in development mode and listening on port http://:9011"}
{"label":"Spare Spart api logs","level":"debug","message":"Spare Order Database Service: Running in development mode and listening on port http://:9011"}
{"label":"Spare Spart api logs","level":"debug","message":"Spare Order Database Service: Running in development mode and listening on port http://:9011"}
{"label":"Spare Spart api logs","level":"debug","message":"Spare Order Database Service: Running in development mode and listening on port http://:9011"}
{"label":"Spare Spart api logs","level":"debug","message":"Spare Order Database Service: Running in development mode and listening on port http://:9011"}
{"label":"Spare Spart api logs","level":"debug","message":"Spare Order Database Service: Running in development mode and listening on port http://:9011"}
{"label":"Spare Spart api logs","level":"debug","message":"Spare Order Database Service: Running in development mode and listening on port http://:9011"}
{"label":"Spare Spart api logs","level":"debug","message":"Spare Order Database Service: Running in development mode and listening on port http://:9011"}
{"label":"Spare Spart api logs","level":"debug","message":"Spare Order Database Service: Running in development mode and listening on port http://:9011"}
{"label":"Spare Spart api logs","level":"debug","message":"Spare Order Database Service: Running in development mode and listening on port http://:9011"}
{"label":"Spare Spart api logs","level":"debug","message":"Spare Order Database Service: Running in development mode and listening on port http://:9011"}
{"label":"Spare Spart api logs","level":"debug","message":"Spare Order Database Service: Running in development mode and listening on port http://:9011"}
{"label":"Spare Spart api logs","level":"debug","message":"Spare Order Database Service: Running in development mode and listening on port http://:9011"}
{"label":"Spare Spart api logs","level":"debug","message":"Spare Order Database Service: Running in development mode and listening on port http://:9011"}
{"label":"Spare Spart api logs","level":"debug","message":"Spare Order Database Service: Running in development mode and listening on port http://:9011"}
{"label":"Spare Spart api logs","level":"debug","message":"Spare Order Database Service: Running in development mode and listening on port http://:9011"}
{"label":"Spare Spart api logs","level":"debug","message":"Spare Order Database Service: Running in development mode and listening on port http://:9011"}
{"label":"Spare Spart api logs","level":"debug","message":"Spare Order Database Service: Running in development mode and listening on port http://:9011"}
{"label":"Spare Spart api logs","level":"debug","message":"Spare Order Database Service: Running in development mode and listening on port http://:9011"}
{"label":"Spare Spart api logs","level":"debug","message":"Spare Order Database Service: Running in development mode and listening on port http://:9011"}
{"label":"Spare Spart api logs","level":"info","message":"Wallet added successfully"}
{"content_length":"245","label":"Spare Spart api logs","level":"http","message":"incoming-api-request","method":"POST","response_time":4493.297,"status":200,"url":"/sporderservices/api/v1/wallet/add"}
{"label":"Spare Spart api logs","level":"debug","message":"Spare Order Database Service: Running in development mode and listening on port http://:9011"}
{"label":"Spare Spart api logs","level":"debug","message":"Spare Order Database Service: Running in development mode and listening on port http://:9011"}
{"label":"Spare Spart api logs","level":"debug","message":"Spare Order Database Service: Running in development mode and listening on port http://:9011"}
{"label":"Spare Spart api logs","level":"debug","message":"Spare Order Database Service: Running in development mode and listening on port http://:9011"}
{"label":"Spare Spart api logs","level":"debug","message":"Spare Order Database Service: Running in development mode and listening on port http://:9011"}
{"label":"Spare Spart api logs","level":"debug","message":"Spare Order Database Service: Running in development mode and listening on port http://:9011"}
{"label":"Spare Spart api logs","level":"debug","message":"Spare Order Database Service: Running in development mode and listening on port http://:9011"}
{"label":"Spare Spart api logs","level":"debug","message":"Spare Order Database Service: Running in development mode and listening on port http://:9011"}
{"label":"Spare Spart api logs","level":"debug","message":"Spare Order Database Service: Running in development mode and listening on port http://:9011"}
{"label":"Spare Spart api logs","level":"debug","message":"Spare Order Database Service: Running in development mode and listening on port http://:9011"}
{"label":"Spare Spart api logs","level":"debug","message":"Spare Order Database Service: Running in development mode and listening on port http://:9011"}
{"label":"Spare Spart api logs","level":"debug","message":"Spare Order Database Service: Running in development mode and listening on port http://:9011"}
{"label":"Spare Spart api logs","level":"debug","message":"Spare Order Database Service: Running in development mode and listening on port http://:9011"}
{"label":"Spare Spart api logs","level":"debug","message":"Spare Order Database Service: Running in development mode and listening on port http://:9011"}
{"label":"Spare Spart api logs","level":"debug","message":"Spare Order Database Service: Running in development mode and listening on port http://:9011"}
{"label":"Spare Spart api logs","level":"debug","message":"Spare Order Database Service: Running in development mode and listening on port http://:9011"}
{"label":"Spare Spart api logs","level":"debug","message":"Spare Order Database Service: Running in development mode and listening on port http://:9011"}
{"label":"Spare Spart api logs","level":"debug","message":"Spare Order Database Service: Running in development mode and listening on port http://:9011"}
{"label":"Spare Spart api logs","level":"debug","message":"Spare Order Database Service: Running in development mode and listening on port http://:9011"}
{"label":"Spare Spart api logs","level":"debug","message":"Spare Order Database Service: Running in development mode and listening on port http://:9011"}
{"label":"Spare Spart api logs","level":"debug","message":"Spare Order Database Service: Running in development mode and listening on port http://:9011"}
{"label":"Spare Spart api logs","level":"debug","message":"Spare Order Database Service: Running in development mode and listening on port http://:9011"}
{"label":"Spare Spart api logs","level":"debug","message":"Spare Order Database Service: Running in development mode and listening on port http://:9011"}
{"label":"Spare Spart api logs","level":"debug","message":"Spare Order Database Service: Running in development mode and listening on port http://:9011"}
{"label":"Spare Spart api logs","level":"debug","message":"Spare Order Database Service: Running in development mode and listening on port http://:9011"}
{"label":"Spare Spart api logs","level":"debug","message":"Spare Order Database Service: Running in development mode and listening on port http://:9011"}
{"label":"Spare Spart api logs","level":"debug","message":"Spare Order Database Service: Running in development mode and listening on port http://:9011"}
{"label":"Spare Spart api logs","level":"debug","message":"Spare Order Database Service: Running in development mode and listening on port http://:9011"}
{"label":"Spare Spart api logs","level":"debug","message":"Spare Order Database Service: Running in development mode and listening on port http://:9011"}
{"label":"Spare Spart api logs","level":"debug","message":"Spare Order Database Service: Running in development mode and listening on port http://:9011"}
{"label":"Spare Spart api logs","level":"debug","message":"Spare Order Database Service: Running in development mode and listening on port http://:9011"}
{"label":"Spare Spart api logs","level":"debug","message":"Spare Order Database Service: Running in development mode and listening on port http://:9011"}
{"label":"Spare Spart api logs","level":"debug","message":"Spare Order Database Service: Running in development mode and listening on port http://:9011"}
{"label":"Spare Spart api logs","level":"debug","message":"Spare Order Database Service: Running in development mode and listening on port http://:9011"}
{"label":"Spare Spart api logs","level":"debug","message":"Spare Order Database Service: Running in development mode and listening on port http://:9011"}
{"label":"Spare Spart api logs","level":"debug","message":"Spare Order Database Service: Running in development mode and listening on port http://:9011"}
{"label":"Spare Spart api logs","level":"debug","message":"Spare Order Database Service: Running in development mode and listening on port http://:9011"}
{"label":"Spare Spart api logs","level":"debug","message":"Spare Order Database Service: Running in development mode and listening on port http://:9011"}
{"label":"Spare Spart api logs","level":"debug","message":"Spare Order Database Service: Running in development mode and listening on port http://:9011"}
{"label":"Spare Spart api logs","level":"debug","message":"Spare Order Database Service: Running in development mode and listening on port http://:9011"}
{"label":"Spare Spart api logs","level":"debug","message":"Spare Order Database Service: Running in development mode and listening on port http://:9011"}
{"label":"Spare Spart api logs","level":"info","message":"Successful"}
{"content_length":"230","label":"Spare Spart api logs","level":"http","message":"incoming-api-request","method":"GET","response_time":3808.27,"status":200,"url":"/sporderservices/api/v1/wallet/details-by-wallet-number/S000005"}
{"label":"Spare Spart api logs","level":"debug","message":"Spare Order Database Service: Running in development mode and listening on port http://:9011"}
{"label":"Spare Spart api logs","level":"debug","message":"Spare Order Database Service: Running in development mode and listening on port http://:9011"}
{"label":"Spare Spart api logs","level":"debug","message":"Spare Order Database Service: Running in development mode and listening on port http://:9011"}
{"label":"Spare Spart api logs","level":"debug","message":"Spare Order Database Service: Running in development mode and listening on port http://:9011"}
{"label":"Spare Spart api logs","level":"debug","message":"Spare Order Database Service: Running in development mode and listening on port http://:9011"}
{"label":"Spare Spart api logs","level":"debug","message":"Spare Order Database Service: Running in development mode and listening on port http://:9011"}
{"label":"Spare Spart api logs","level":"debug","message":"Spare Order Database Service: Running in development mode and listening on port http://:9011"}
{"label":"Spare Spart api logs","level":"debug","message":"Spare Order Database Service: Running in development mode and listening on port http://:9011"}
{"label":"Spare Spart api logs","level":"debug","message":"Spare Order Database Service: Running in development mode and listening on port http://:9011"}
{"label":"Spare Spart api logs","level":"debug","message":"Spare Order Database Service: Running in development mode and listening on port http://:9011"}
{"label":"Spare Spart api logs","level":"debug","message":"Spare Order Database Service: Running in development mode and listening on port http://:9011"}
{"label":"Spare Spart api logs","level":"debug","message":"Spare Order Database Service: Running in development mode and listening on port http://:9011"}
{"label":"Spare Spart api logs","level":"debug","message":"Spare Order Database Service: Running in development mode and listening on port http://:9011"}
{"label":"Spare Spart api logs","level":"debug","message":"Spare Order Database Service: Running in development mode and listening on port http://:9011"}
{"label":"Spare Spart api logs","level":"debug","message":"Spare Order Database Service: Running in development mode and listening on port http://:9011"}
{"label":"Spare Spart api logs","level":"debug","message":"Spare Order Database Service: Running in development mode and listening on port http://:9011"}
{"label":"Spare Spart api logs","level":"debug","message":"Spare Order Database Service: Running in development mode and listening on port http://:9011"}
{"label":"Spare Spart api logs","level":"debug","message":"Spare Order Database Service: Running in development mode and listening on port http://:9011"}
{"label":"Spare Spart api logs","level":"debug","message":"Spare Order Database Service: Running in development mode and listening on port http://:9011"}
{"label":"Spare Spart api logs","level":"debug","message":"Spare Order Database Service: Running in development mode and listening on port http://:9011"}
{"label":"Spare Spart api logs","level":"debug","message":"Spare Order Database Service: Running in development mode and listening on port http://:9011"}
{"label":"Spare Spart api logs","level":"debug","message":"Spare Order Database Service: Running in development mode and listening on port http://:9011"}
{"label":"Spare Spart api logs","level":"debug","message":"Spare Order Database Service: Running in development mode and listening on port http://:9011"}
{"label":"Spare Spart api logs","level":"debug","message":"Spare Order Database Service: Running in development mode and listening on port http://:9011"}
{"label":"Spare Spart api logs","level":"info","message":"Successful"}
{"content_length":"261","label":"Spare Spart api logs","level":"http","message":"incoming-api-request","method":"GET","response_time":3408.427,"status":200,"url":"/sporderservices/api/v1/wallet/details-by-user-id"}
{"label":"Spare Spart api logs","level":"info","message":"Successful"}
{"content_length":"261","label":"Spare Spart api logs","level":"http","message":"incoming-api-request","method":"GET","response_time":2763.17,"status":200,"url":"/sporderservices/api/v1/wallet/details-by-user-id/4298e2e3-4215-4884-9bb1-3fc7d9695e49"}
{"label":"Spare Spart api logs","level":"debug","message":"Spare Order Database Service: Running in development mode and listening on port http://:9011"}
{"label":"Spare Spart api logs","level":"debug","message":"Spare Order Database Service: Running in development mode and listening on port http://:9011"}
{"label":"Spare Spart api logs","level":"debug","message":"Spare Order Database Service: Running in development mode and listening on port http://:9011"}
{"label":"Spare Spart api logs","level":"debug","message":"Spare Order Database Service: Running in development mode and listening on port http://:9011"}
{"label":"Spare Spart api logs","level":"debug","message":"Spare Order Database Service: Running in development mode and listening on port http://:9011"}
{"label":"Spare Spart api logs","level":"debug","message":"Spare Order Database Service: Running in development mode and listening on port http://:9011"}
{"label":"Spare Spart api logs","level":"debug","message":"Spare Order Database Service: Running in development mode and listening on port http://:9011"}
{"label":"Spare Spart api logs","level":"debug","message":"Spare Order Database Service: Running in development mode and listening on port http://:9011"}
{"label":"Spare Spart api logs","level":"debug","message":"Spare Order Database Service: Running in development mode and listening on port http://:9011"}
{"label":"Spare Spart api logs","level":"debug","message":"Spare Order Database Service: Running in development mode and listening on port http://:9011"}
{"label":"Spare Spart api logs","level":"debug","message":"Spare Order Database Service: Running in development mode and listening on port http://:9011"}
{"label":"Spare Spart api logs","level":"debug","message":"Spare Order Database Service: Running in development mode and listening on port http://:9011"}
{"label":"Spare Spart api logs","level":"debug","message":"Spare Order Database Service: Running in development mode and listening on port http://:9011"}
{"label":"Spare Spart api logs","level":"error","message":""}
{"content_length":"37","label":"Spare Spart api logs","level":"http","message":"incoming-api-request","method":"GET","response_time":51.534,"status":500,"url":"/sporderservices/api/v1/wallet/system-wallets"}
{"label":"Spare Spart api logs","level":"info","message":"Successful"}
{"content_length":"808","label":"Spare Spart api logs","level":"http","message":"incoming-api-request","method":"GET","response_time":2944.405,"status":200,"url":"/sporderservices/api/v1/wallet/system-wallets"}
{"label":"Spare Spart api logs","level":"debug","message":"Spare Order Database Service: Running in development mode and listening on port http://:9011"}
{"label":"Spare Spart api logs","level":"debug","message":"Spare Order Database Service: Running in development mode and listening on port http://:9011"}
{"label":"Spare Spart api logs","level":"debug","message":"Spare Order Database Service: Running in development mode and listening on port http://:9011"}
{"label":"Spare Spart api logs","level":"debug","message":"Spare Order Database Service: Running in development mode and listening on port http://:9011"}
{"label":"Spare Spart api logs","level":"debug","message":"Spare Order Database Service: Running in development mode and listening on port http://:9011"}
{"label":"Spare Spart api logs","level":"debug","message":"Spare Order Database Service: Running in development mode and listening on port http://:9011"}
{"label":"Spare Spart api logs","level":"debug","message":"Spare Order Database Service: Running in development mode and listening on port http://:9011"}
{"label":"Spare Spart api logs","level":"debug","message":"Spare Order Database Service: Running in development mode and listening on port http://:9011"}
{"label":"Spare Spart api logs","level":"debug","message":"Spare Order Database Service: Running in development mode and listening on port http://:9011"}
{"label":"Spare Spart api logs","level":"debug","message":"Spare Order Database Service: Running in development mode and listening on port http://:9011"}
{"label":"Spare Spart api logs","level":"debug","message":"Spare Order Database Service: Running in development mode and listening on port http://:9011"}
{"label":"Spare Spart api logs","level":"debug","message":"Spare Order Database Service: Running in development mode and listening on port http://:9011"}
{"label":"Spare Spart api logs","level":"debug","message":"Spare Order Database Service: Running in development mode and listening on port http://:9011"}
{"label":"Spare Spart api logs","level":"debug","message":"Spare Order Database Service: Running in development mode and listening on port http://:9011"}
{"label":"Spare Spart api logs","level":"debug","message":"Spare Order Database Service: Running in development mode and listening on port http://:9011"}
{"label":"Spare Spart api logs","level":"debug","message":"Spare Order Database Service: Running in development mode and listening on port http://:9011"}
{"label":"Spare Spart api logs","level":"debug","message":"Spare Order Database Service: Running in development mode and listening on port http://:9011"}
{"label":"Spare Spart api logs","level":"debug","message":"Spare Order Database Service: Running in development mode and listening on port http://:9011"}
{"label":"Spare Spart api logs","level":"debug","message":"Spare Order Database Service: Running in development mode and listening on port http://:9011"}
{"label":"Spare Spart api logs","level":"debug","message":"Spare Order Database Service: Running in development mode and listening on port http://:9011"}
{"label":"Spare Spart api logs","level":"debug","message":"Spare Order Database Service: Running in development mode and listening on port http://:9011"}
{"label":"Spare Spart api logs","level":"debug","message":"Spare Order Database Service: Running in development mode and listening on port http://:9011"}
{"label":"Spare Spart api logs","level":"debug","message":"Spare Order Database Service: Running in development mode and listening on port http://:9011"}
{"label":"Spare Spart api logs","level":"debug","message":"Spare Order Database Service: Running in development mode and listening on port http://:9011"}
{"label":"Spare Spart api logs","level":"debug","message":"Spare Order Database Service: Running in development mode and listening on port http://:9011"}
{"label":"Spare Spart api logs","level":"debug","message":"Spare Order Database Service: Running in development mode and listening on port http://:9011"}
{"label":"Spare Spart api logs","level":"debug","message":"Spare Order Database Service: Running in development mode and listening on port http://:9011"}
{"label":"Spare Spart api logs","level":"debug","message":"Spare Order Database Service: Running in development mode and listening on port http://:9011"}
{"label":"Spare Spart api logs","level":"debug","message":"Spare Order Database Service: Running in development mode and listening on port http://:9011"}
{"label":"Spare Spart api logs","level":"debug","message":"Spare Order Database Service: Running in development mode and listening on port http://:9011"}
{"label":"Spare Spart api logs","level":"debug","message":"Spare Order Database Service: Running in development mode and listening on port http://:9011"}
{"label":"Spare Spart api logs","level":"debug","message":"Spare Order Database Service: Running in development mode and listening on port http://:9011"}
{"label":"Spare Spart api logs","level":"debug","message":"Spare Order Database Service: Running in development mode and listening on port http://:9011"}
{"label":"Spare Spart api logs","level":"debug","message":"Spare Order Database Service: Running in development mode and listening on port http://:9011"}
{"label":"Spare Spart api logs","level":"debug","message":"Spare Order Database Service: Running in development mode and listening on port http://:9011"}
{"label":"Spare Spart api logs","level":"debug","message":"Spare Order Database Service: Running in development mode and listening on port http://:9011"}
{"label":"Spare Spart api logs","level":"debug","message":"Spare Order Database Service: Running in development mode and listening on port http://:9011"}
{"label":"Spare Spart api logs","level":"debug","message":"Spare Order Database Service: Running in development mode and listening on port http://:9011"}
{"label":"Spare Spart api logs","level":"debug","message":"Spare Order Database Service: Running in development mode and listening on port http://:9011"}
{"label":"Spare Spart api logs","level":"debug","message":"Spare Order Database Service: Running in development mode and listening on port http://:9011"}
{"label":"Spare Spart api logs","level":"debug","message":"Spare Order Database Service: Running in development mode and listening on port http://:9011"}
{"label":"Spare Spart api logs","level":"debug","message":"Spare Order Database Service: Running in development mode and listening on port http://:9011"}
{"label":"Spare Spart api logs","level":"debug","message":"Spare Order Database Service: Running in development mode and listening on port http://:9011"}
{"label":"Spare Spart api logs","level":"debug","message":"Spare Order Database Service: Running in development mode and listening on port http://:9011"}
{"label":"Spare Spart api logs","level":"debug","message":"Spare Order Database Service: Running in development mode and listening on port http://:9011"}
{"label":"Spare Spart api logs","level":"debug","message":"Spare Order Database Service: Running in development mode and listening on port http://:9011"}
{"label":"Spare Spart api logs","level":"debug","message":"Spare Order Database Service: Running in development mode and listening on port http://:9011"}
{"label":"Spare Spart api logs","level":"debug","message":"Spare Order Database Service: Running in development mode and listening on port http://:9011"}
{"label":"Spare Spart api logs","level":"debug","message":"Spare Order Database Service: Running in development mode and listening on port http://:9011"}
{"label":"Spare Spart api logs","level":"debug","message":"Spare Order Database Service: Running in development mode and listening on port http://:9011"}
{"label":"Spare Spart api logs","level":"debug","message":"Spare Order Database Service: Running in development mode and listening on port http://:9011"}
{"label":"Spare Spart api logs","level":"debug","message":"Spare Order Database Service: Running in development mode and listening on port http://:9011"}
{"label":"Spare Spart api logs","level":"debug","message":"Spare Order Database Service: Running in development mode and listening on port http://:9011"}
{"label":"Spare Spart api logs","level":"debug","message":"Spare Order Database Service: Running in development mode and listening on port http://:9011"}
{"label":"Spare Spart api logs","level":"debug","message":"Spare Order Database Service: Running in development mode and listening on port http://:9011"}
{"label":"Spare Spart api logs","level":"debug","message":"Spare Order Database Service: Running in development mode and listening on port http://:9011"}
{"label":"Spare Spart api logs","level":"debug","message":"Spare Order Database Service: Running in development mode and listening on port http://:9011"}
{"label":"Spare Spart api logs","level":"debug","message":"Spare Order Database Service: Running in development mode and listening on port http://:9011"}
{"label":"Spare Spart api logs","level":"debug","message":"Spare Order Database Service: Running in development mode and listening on port http://:9011"}
{"label":"Spare Spart api logs","level":"debug","message":"Spare Order Database Service: Running in development mode and listening on port http://:9011"}
{"label":"Spare Spart api logs","level":"debug","message":"Spare Order Database Service: Running in development mode and listening on port http://:9011"}
{"label":"Spare Spart api logs","level":"debug","message":"Spare Order Database Service: Running in development mode and listening on port http://:9011"}
{"label":"Spare Spart api logs","level":"debug","message":"Spare Order Database Service: Running in development mode and listening on port http://:9011"}
{"label":"Spare Spart api logs","level":"debug","message":"Spare Order Database Service: Running in development mode and listening on port http://:9011"}
{"label":"Spare Spart api logs","level":"debug","message":"Spare Order Database Service: Running in development mode and listening on port http://:9011"}
{"label":"Spare Spart api logs","level":"debug","message":"Spare Order Database Service: Running in development mode and listening on port http://:9011"}
{"label":"Spare Spart api logs","level":"debug","message":"Spare Order Database Service: Running in development mode and listening on port http://:9011"}
{"label":"Spare Spart api logs","level":"debug","message":"Spare Order Database Service: Running in development mode and listening on port http://:9011"}
{"label":"Spare Spart api logs","level":"debug","message":"Spare Order Database Service: Running in development mode and listening on port http://:9011"}
{"label":"Spare Spart api logs","level":"debug","message":"Spare Order Database Service: Running in development mode and listening on port http://:9011"}
{"label":"Spare Spart api logs","level":"debug","message":"Spare Order Database Service: Running in development mode and listening on port http://:9011"}
{"label":"Spare Spart api logs","level":"debug","message":"Spare Order Database Service: Running in development mode and listening on port http://:9011"}
{"label":"Spare Spart api logs","level":"debug","message":"Spare Order Database Service: Running in development mode and listening on port http://:9011"}
{"label":"Spare Spart api logs","level":"debug","message":"Spare Order Database Service: Running in development mode and listening on port http://:9011"}
{"label":"Spare Spart api logs","level":"debug","message":"Spare Order Database Service: Running in development mode and listening on port http://:9011"}
{"label":"Spare Spart api logs","level":"debug","message":"Spare Order Database Service: Running in development mode and listening on port http://:9011"}
{"label":"Spare Spart api logs","level":"debug","message":"Spare Order Database Service: Running in development mode and listening on port http://:9011"}
{"label":"Spare Spart api logs","level":"debug","message":"Spare Order Database Service: Running in development mode and listening on port http://:9011"}
{"label":"Spare Spart api logs","level":"debug","message":"Spare Order Database Service: Running in development mode and listening on port http://:9011"}
{"label":"Spare Spart api logs","level":"debug","message":"Spare Order Database Service: Running in development mode and listening on port http://:9011"}
{"label":"Spare Spart api logs","level":"debug","message":"Spare Order Database Service: Running in development mode and listening on port http://:9011"}
{"label":"Spare Spart api logs","level":"error","message":"Not found"}
{"content_length":"34","label":"Spare Spart api logs","level":"http","message":"incoming-api-request","method":"POST","response_time":3.136,"status":404,"url":"/sporderservices/api/v1/address/add"}
{"label":"Spare Spart api logs","level":"debug","message":"Spare Order Database Service: Running in development mode and listening on port http://:9011"}
{"label":"Spare Spart api logs","level":"info","message":"Address added successfully"}
{"content_length":"51","label":"Spare Spart api logs","level":"http","message":"incoming-api-request","method":"POST","response_time":5428.412,"status":200,"url":"/sporderservices/api/v1/address/add"}
{"label":"Spare Spart api logs","level":"debug","message":"Spare Order Database Service: Running in development mode and listening on port http://:9011"}
{"label":"Spare Spart api logs","level":"debug","message":"Spare Order Database Service: Running in development mode and listening on port http://:9011"}
{"label":"Spare Spart api logs","level":"debug","message":"Spare Order Database Service: Running in development mode and listening on port http://:9011"}
{"label":"Spare Spart api logs","level":"info","message":"Address added successfully"}
{"content_length":"356","label":"Spare Spart api logs","level":"http","message":"incoming-api-request","method":"POST","response_time":4504.555,"status":200,"url":"/sporderservices/api/v1/address/add"}
{"label":"Spare Spart api logs","level":"error","message":"Not found"}
{"content_length":"34","label":"Spare Spart api logs","level":"http","message":"incoming-api-request","method":"GET","response_time":6.946,"status":404,"url":"/sporderservices/api/v1/details-by-id/2c25a057-f68a-4754-b958-35d6fe125962"}
{"label":"Spare Spart api logs","level":"error","message":"Not found"}
{"content_length":"34","label":"Spare Spart api logs","level":"http","message":"incoming-api-request","method":"GET","response_time":2.062,"status":404,"url":"/sporderservices/api/v1/details-by-id/2c25a057-f68a-4754-b958-35d6fe125962"}
{"label":"Spare Spart api logs","level":"info","message":"Successful"}
{"content_length":"340","label":"Spare Spart api logs","level":"http","message":"incoming-api-request","method":"GET","response_time":5572.744,"status":200,"url":"/sporderservices/api/v1/address/details-by-id/2c25a057-f68a-4754-b958-35d6fe125962"}
{"label":"Spare Spart api logs","level":"info","message":"Successful"}
{"content_length":"952","label":"Spare Spart api logs","level":"http","message":"incoming-api-request","method":"GET","response_time":4479.758,"status":200,"url":"/sporderservices/api/v1/address/user-addresses"}
{"label":"Spare Spart api logs","level":"info","message":"Successful"}
{"content_length":"952","label":"Spare Spart api logs","level":"http","message":"incoming-api-request","method":"GET","response_time":3931.765,"status":200,"url":"/sporderservices/api/v1/address/user-addresses/4298e2e3-4215-4884-9bb1-3fc7d9695e49"}
