{"label":"Spare Spart api logs","level":"debug","message":"Spare Order Database Service: Running in development mode and listening on port http://:9011"}
{"label":"Spare Spart api logs","level":"info","message":"Successful"}
{"content_length":"3704","label":"Spare Spart api logs","level":"http","message":"incoming-api-request","method":"GET","response_time":11350.852,"status":200,"url":"/sporderservices/api/v1/service-charge/user-charges"}
{"label":"Spare Spart api logs","level":"info","message":"Successful"}
{"content_length":"3610","label":"Spare Spart api logs","level":"http","message":"incoming-api-request","method":"GET","response_time":6584.734,"status":200,"url":"/sporderservices/api/v1/cart/user-carts"}
{"label":"Spare Spart api logs","level":"info","message":"Successful"}
{"content_length":"36210","label":"Spare Spart api logs","level":"http","message":"incoming-api-request","method":"GET","response_time":5677.01,"status":200,"url":"/sporderservices/api/v1/request/user-active-requests"}
{"label":"Spare Spart api logs","level":"info","message":"Successful"}
{"content_length":"252","label":"Spare Spart api logs","level":"http","message":"incoming-api-request","method":"POST","response_time":4770.309,"status":200,"url":"/sporderservices/api/v1/cart/add-bid"}
{"label":"Spare Spart api logs","level":"info","message":"Successful"}
{"content_length":"8457","label":"Spare Spart api logs","level":"http","message":"incoming-api-request","method":"GET","response_time":6945.875,"status":200,"url":"/sporderservices/api/v1/cart/user-carts"}
{"label":"Spare Spart api logs","level":"info","message":"Successful"}
{"content_length":"8551","label":"Spare Spart api logs","level":"http","message":"incoming-api-request","method":"GET","response_time":11374.995,"status":200,"url":"/sporderservices/api/v1/service-charge/user-charges"}
{"label":"Spare Spart api logs","level":"debug","message":"Spare Order Database Service: Running in development mode and listening on port http://:9011"}
{"label":"Spare Spart api logs","level":"debug","message":"Spare Order Database Service: Running in development mode and listening on port http://:9011"}
{"label":"Spare Spart api logs","level":"debug","message":"Spare Order Database Service: Running in development mode and listening on port http://:9011"}
{"label":"Spare Spart api logs","level":"debug","message":"Spare Order Database Service: Running in development mode and listening on port http://:9011"}
{"label":"Spare Spart api logs","level":"debug","message":"Spare Order Database Service: Running in development mode and listening on port http://:9011"}
{"label":"Spare Spart api logs","level":"debug","message":"Spare Order Database Service: Running in development mode and listening on port http://:9011"}
{"label":"Spare Spart api logs","level":"debug","message":"Spare Order Database Service: Running in development mode and listening on port http://:9011"}
{"label":"Spare Spart api logs","level":"debug","message":"Spare Order Database Service: Running in development mode and listening on port http://:9011"}
{"label":"Spare Spart api logs","level":"debug","message":"Spare Order Database Service: Running in development mode and listening on port http://:9011"}
{"label":"Spare Spart api logs","level":"debug","message":"Spare Order Database Service: Running in development mode and listening on port http://:9011"}
{"label":"Spare Spart api logs","level":"debug","message":"Spare Order Database Service: Running in development mode and listening on port http://:9011"}
{"label":"Spare Spart api logs","level":"debug","message":"Spare Order Database Service: Running in development mode and listening on port http://:9011"}
{"label":"Spare Spart api logs","level":"debug","message":"Spare Order Database Service: Running in development mode and listening on port http://:9011"}
{"label":"Spare Spart api logs","level":"debug","message":"Spare Order Database Service: Running in development mode and listening on port http://:9011"}
{"label":"Spare Spart api logs","level":"debug","message":"Spare Order Database Service: Running in development mode and listening on port http://:9011"}
{"label":"Spare Spart api logs","level":"debug","message":"Spare Order Database Service: Running in development mode and listening on port http://:9011"}
{"label":"Spare Spart api logs","level":"debug","message":"Spare Order Database Service: Running in development mode and listening on port http://:9011"}
{"label":"Spare Spart api logs","level":"debug","message":"Spare Order Database Service: Running in development mode and listening on port http://:9011"}
{"label":"Spare Spart api logs","level":"debug","message":"Spare Order Database Service: Running in development mode and listening on port http://:9011"}
{"label":"Spare Spart api logs","level":"debug","message":"Spare Order Database Service: Running in development mode and listening on port http://:9011"}
{"label":"Spare Spart api logs","level":"debug","message":"Spare Order Database Service: Running in development mode and listening on port http://:9011"}
{"label":"Spare Spart api logs","level":"debug","message":"Spare Order Database Service: Running in development mode and listening on port http://:9011"}
{"label":"Spare Spart api logs","level":"debug","message":"Spare Order Database Service: Running in development mode and listening on port http://:9011"}
{"label":"Spare Spart api logs","level":"debug","message":"Spare Order Database Service: Running in development mode and listening on port http://:9011"}
{"label":"Spare Spart api logs","level":"debug","message":"Spare Order Database Service: Running in development mode and listening on port http://:9011"}
{"label":"Spare Spart api logs","level":"debug","message":"Spare Order Database Service: Running in development mode and listening on port http://:9011"}
{"label":"Spare Spart api logs","level":"debug","message":"Spare Order Database Service: Running in development mode and listening on port http://:9011"}
{"label":"Spare Spart api logs","level":"debug","message":"Spare Order Database Service: Running in development mode and listening on port http://:9011"}
{"label":"Spare Spart api logs","level":"debug","message":"Spare Order Database Service: Running in development mode and listening on port http://:9011"}
{"label":"Spare Spart api logs","level":"debug","message":"Spare Order Database Service: Running in development mode and listening on port http://:9011"}
{"label":"Spare Spart api logs","level":"debug","message":"Spare Order Database Service: Running in development mode and listening on port http://:9011"}
{"label":"Spare Spart api logs","level":"debug","message":"Spare Order Database Service: Running in development mode and listening on port http://:9011"}
{"label":"Spare Spart api logs","level":"debug","message":"Spare Order Database Service: Running in development mode and listening on port http://:9011"}
{"label":"Spare Spart api logs","level":"debug","message":"Spare Order Database Service: Running in development mode and listening on port http://:9011"}
{"label":"Spare Spart api logs","level":"debug","message":"Spare Order Database Service: Running in development mode and listening on port http://:9011"}
{"label":"Spare Spart api logs","level":"debug","message":"Spare Order Database Service: Running in development mode and listening on port http://:9011"}
{"label":"Spare Spart api logs","level":"debug","message":"Spare Order Database Service: Running in development mode and listening on port http://:9011"}
{"label":"Spare Spart api logs","level":"debug","message":"Spare Order Database Service: Running in development mode and listening on port http://:9011"}
{"label":"Spare Spart api logs","level":"debug","message":"Spare Order Database Service: Running in development mode and listening on port http://:9011"}
{"label":"Spare Spart api logs","level":"debug","message":"Spare Order Database Service: Running in development mode and listening on port http://:9011"}
{"label":"Spare Spart api logs","level":"debug","message":"Spare Order Database Service: Running in development mode and listening on port http://:9011"}
{"label":"Spare Spart api logs","level":"debug","message":"Spare Order Database Service: Running in development mode and listening on port http://:9011"}
{"label":"Spare Spart api logs","level":"debug","message":"Spare Order Database Service: Running in development mode and listening on port http://:9011"}
{"label":"Spare Spart api logs","level":"debug","message":"Spare Order Database Service: Running in development mode and listening on port http://:9011"}
{"label":"Spare Spart api logs","level":"debug","message":"Spare Order Database Service: Running in development mode and listening on port http://:9011"}
{"label":"Spare Spart api logs","level":"debug","message":"Spare Order Database Service: Running in development mode and listening on port http://:9011"}
{"label":"Spare Spart api logs","level":"debug","message":"Spare Order Database Service: Running in development mode and listening on port http://:9011"}
{"label":"Spare Spart api logs","level":"debug","message":"Spare Order Database Service: Running in development mode and listening on port http://:9011"}
{"label":"Spare Spart api logs","level":"debug","message":"Spare Order Database Service: Running in development mode and listening on port http://:9011"}
{"label":"Spare Spart api logs","level":"debug","message":"Spare Order Database Service: Running in development mode and listening on port http://:9011"}
{"label":"Spare Spart api logs","level":"debug","message":"Spare Order Database Service: Running in development mode and listening on port http://:9011"}
{"label":"Spare Spart api logs","level":"debug","message":"Spare Order Database Service: Running in development mode and listening on port http://:9011"}
{"label":"Spare Spart api logs","level":"debug","message":"Spare Order Database Service: Running in development mode and listening on port http://:9011"}
{"label":"Spare Spart api logs","level":"debug","message":"Spare Order Database Service: Running in development mode and listening on port http://:9011"}
{"label":"Spare Spart api logs","level":"debug","message":"Spare Order Database Service: Running in development mode and listening on port http://:9011"}
{"label":"Spare Spart api logs","level":"debug","message":"Spare Order Database Service: Running in development mode and listening on port http://:9011"}
{"label":"Spare Spart api logs","level":"debug","message":"Spare Order Database Service: Running in development mode and listening on port http://:9011"}
{"label":"Spare Spart api logs","level":"debug","message":"Spare Order Database Service: Running in development mode and listening on port http://:9011"}
{"label":"Spare Spart api logs","level":"debug","message":"Spare Order Database Service: Running in development mode and listening on port http://:9011"}
{"label":"Spare Spart api logs","level":"debug","message":"Spare Order Database Service: Running in development mode and listening on port http://:9011"}
{"label":"Spare Spart api logs","level":"info","message":"Successful"}
{"content_length":"8551","label":"Spare Spart api logs","level":"http","message":"incoming-api-request","method":"GET","response_time":13063.125,"status":200,"url":"/sporderservices/api/v1/service-charge/user-charges/1"}
{"label":"Spare Spart api logs","level":"info","message":"Successful"}
{"content_length":"8551","label":"Spare Spart api logs","level":"http","message":"incoming-api-request","method":"GET","response_time":12705.274,"status":200,"url":"/sporderservices/api/v1/service-charge/user-charges/0"}
{"label":"Spare Spart api logs","level":"info","message":"Successful"}
{"content_length":"8551","label":"Spare Spart api logs","level":"http","message":"incoming-api-request","method":"GET","response_time":12393.353,"status":200,"url":"/sporderservices/api/v1/service-charge/user-charges/1"}
{"label":"Spare Spart api logs","level":"debug","message":"Spare Order Database Service: Running in development mode and listening on port http://:9011"}
{"label":"Spare Spart api logs","level":"debug","message":"Spare Order Database Service: Running in development mode and listening on port http://:9011"}
{"label":"Spare Spart api logs","level":"debug","message":"Spare Order Database Service: Running in development mode and listening on port http://:9011"}
{"label":"Spare Spart api logs","level":"debug","message":"Spare Order Database Service: Running in development mode and listening on port http://:9011"}
{"label":"Spare Spart api logs","level":"debug","message":"Spare Order Database Service: Running in development mode and listening on port http://:9011"}
{"label":"Spare Spart api logs","level":"debug","message":"Spare Order Database Service: Running in development mode and listening on port http://:9011"}
{"label":"Spare Spart api logs","level":"debug","message":"Spare Order Database Service: Running in development mode and listening on port http://:9011"}
{"label":"Spare Spart api logs","level":"debug","message":"Spare Order Database Service: Running in development mode and listening on port http://:9011"}
{"label":"Spare Spart api logs","level":"debug","message":"Spare Order Database Service: Running in development mode and listening on port http://:9011"}
{"label":"Spare Spart api logs","level":"debug","message":"Spare Order Database Service: Running in development mode and listening on port http://:9011"}
{"label":"Spare Spart api logs","level":"debug","message":"Spare Order Database Service: Running in development mode and listening on port http://:9011"}
{"label":"Spare Spart api logs","level":"debug","message":"Spare Order Database Service: Running in development mode and listening on port http://:9011"}
{"label":"Spare Spart api logs","level":"debug","message":"Spare Order Database Service: Running in development mode and listening on port http://:9011"}
{"label":"Spare Spart api logs","level":"debug","message":"Spare Order Database Service: Running in development mode and listening on port http://:9011"}
{"label":"Spare Spart api logs","level":"debug","message":"Spare Order Database Service: Running in development mode and listening on port http://:9011"}
{"label":"Spare Spart api logs","level":"debug","message":"Spare Order Database Service: Running in development mode and listening on port http://:9011"}
{"label":"Spare Spart api logs","level":"debug","message":"Spare Order Database Service: Running in development mode and listening on port http://:9011"}
{"label":"Spare Spart api logs","level":"debug","message":"Spare Order Database Service: Running in development mode and listening on port http://:9011"}
{"label":"Spare Spart api logs","level":"debug","message":"Spare Order Database Service: Running in development mode and listening on port http://:9011"}
{"label":"Spare Spart api logs","level":"debug","message":"Spare Order Database Service: Running in development mode and listening on port http://:9011"}
{"label":"Spare Spart api logs","level":"debug","message":"Spare Order Database Service: Running in development mode and listening on port http://:9011"}
{"label":"Spare Spart api logs","level":"debug","message":"Spare Order Database Service: Running in development mode and listening on port http://:9011"}
{"label":"Spare Spart api logs","level":"debug","message":"Spare Order Database Service: Running in development mode and listening on port http://:9011"}
{"label":"Spare Spart api logs","level":"debug","message":"Spare Order Database Service: Running in development mode and listening on port http://:9011"}
{"label":"Spare Spart api logs","level":"debug","message":"Spare Order Database Service: Running in development mode and listening on port http://:9011"}
{"label":"Spare Spart api logs","level":"debug","message":"Spare Order Database Service: Running in development mode and listening on port http://:9011"}
{"label":"Spare Spart api logs","level":"debug","message":"Spare Order Database Service: Running in development mode and listening on port http://:9011"}
{"label":"Spare Spart api logs","level":"debug","message":"Spare Order Database Service: Running in development mode and listening on port http://:9011"}
{"label":"Spare Spart api logs","level":"debug","message":"Spare Order Database Service: Running in development mode and listening on port http://:9011"}
{"label":"Spare Spart api logs","level":"debug","message":"Spare Order Database Service: Running in development mode and listening on port http://:9011"}
{"label":"Spare Spart api logs","level":"debug","message":"Spare Order Database Service: Running in development mode and listening on port http://:9011"}
{"label":"Spare Spart api logs","level":"debug","message":"Spare Order Database Service: Running in development mode and listening on port http://:9011"}
{"label":"Spare Spart api logs","level":"debug","message":"Spare Order Database Service: Running in development mode and listening on port http://:9011"}
{"label":"Spare Spart api logs","level":"debug","message":"Spare Order Database Service: Running in development mode and listening on port http://:9011"}
{"label":"Spare Spart api logs","level":"debug","message":"Spare Order Database Service: Running in development mode and listening on port http://:9011"}
{"label":"Spare Spart api logs","level":"debug","message":"Spare Order Database Service: Running in development mode and listening on port http://:9011"}
{"label":"Spare Spart api logs","level":"debug","message":"Spare Order Database Service: Running in development mode and listening on port http://:9011"}
{"label":"Spare Spart api logs","level":"debug","message":"Spare Order Database Service: Running in development mode and listening on port http://:9011"}
{"label":"Spare Spart api logs","level":"debug","message":"Spare Order Database Service: Running in development mode and listening on port http://:9011"}
{"label":"Spare Spart api logs","level":"debug","message":"Spare Order Database Service: Running in development mode and listening on port http://:9011"}
{"label":"Spare Spart api logs","level":"debug","message":"Spare Order Database Service: Running in development mode and listening on port http://:9011"}
{"label":"Spare Spart api logs","level":"debug","message":"Spare Order Database Service: Running in development mode and listening on port http://:9011"}
{"label":"Spare Spart api logs","level":"debug","message":"Spare Order Database Service: Running in development mode and listening on port http://:9011"}
{"label":"Spare Spart api logs","level":"debug","message":"Spare Order Database Service: Running in development mode and listening on port http://:9011"}
{"label":"Spare Spart api logs","level":"debug","message":"Spare Order Database Service: Running in development mode and listening on port http://:9011"}
{"label":"Spare Spart api logs","level":"debug","message":"Spare Order Database Service: Running in development mode and listening on port http://:9011"}
{"label":"Spare Spart api logs","level":"debug","message":"Spare Order Database Service: Running in development mode and listening on port http://:9011"}
{"label":"Spare Spart api logs","level":"debug","message":"Spare Order Database Service: Running in development mode and listening on port http://:9011"}
{"label":"Spare Spart api logs","level":"debug","message":"Spare Order Database Service: Running in development mode and listening on port http://:9011"}
{"label":"Spare Spart api logs","level":"debug","message":"Spare Order Database Service: Running in development mode and listening on port http://:9011"}
{"label":"Spare Spart api logs","level":"debug","message":"Spare Order Database Service: Running in development mode and listening on port http://:9011"}
{"label":"Spare Spart api logs","level":"debug","message":"Spare Order Database Service: Running in development mode and listening on port http://:9011"}
{"label":"Spare Spart api logs","level":"debug","message":"Spare Order Database Service: Running in development mode and listening on port http://:9011"}
{"label":"Spare Spart api logs","level":"debug","message":"Spare Order Database Service: Running in development mode and listening on port http://:9011"}
{"label":"Spare Spart api logs","level":"debug","message":"Spare Order Database Service: Running in development mode and listening on port http://:9011"}
{"label":"Spare Spart api logs","level":"debug","message":"Spare Order Database Service: Running in development mode and listening on port http://:9011"}
